c:\users\carcagno\desktop\rooms\rooms\rooms\rooms\debug\rooms.pch
c:\users\carcagno\desktop\rooms\rooms\rooms\rooms\debug\vc141.pdb
c:\users\carcagno\desktop\rooms\rooms\rooms\rooms\debug\vc141.idb
c:\users\carcagno\desktop\rooms\rooms\rooms\rooms\debug\stdafx.obj
c:\users\carcagno\desktop\rooms\rooms\rooms\rooms\debug\weapon.obj
c:\users\carcagno\desktop\rooms\rooms\rooms\rooms\debug\rooms.obj
c:\users\carcagno\desktop\rooms\rooms\rooms\rooms\debug\item.obj
c:\users\carcagno\desktop\rooms\rooms\rooms\rooms\debug\outfit.obj
c:\users\carcagno\desktop\rooms\rooms\rooms\rooms\debug\inireader.obj
c:\users\carcagno\desktop\rooms\rooms\rooms\rooms\debug\lootcrate.obj
c:\users\carcagno\desktop\rooms\rooms\rooms\rooms\debug\inventory.obj
c:\users\carcagno\desktop\rooms\rooms\rooms\rooms\debug\character.obj
c:\users\carcagno\desktop\rooms\rooms\rooms\rooms\debug\lootcrate.obj.enc
c:\users\carcagno\desktop\rooms\rooms\rooms\debug\rooms.pdb
c:\users\carcagno\desktop\rooms\rooms\rooms\rooms\debug\rooms.tlog\cl.command.1.tlog
c:\users\carcagno\desktop\rooms\rooms\rooms\rooms\debug\rooms.tlog\cl.read.1.tlog
c:\users\carcagno\desktop\rooms\rooms\rooms\rooms\debug\rooms.tlog\cl.write.1.tlog
c:\users\carcagno\desktop\rooms\rooms\rooms\rooms\debug\rooms.tlog\link.12284-cvtres.read.1.tlog
c:\users\carcagno\desktop\rooms\rooms\rooms\rooms\debug\rooms.tlog\link.12284-cvtres.write.1.tlog
c:\users\carcagno\desktop\rooms\rooms\rooms\rooms\debug\rooms.tlog\link.12284-rc.read.1.tlog
c:\users\carcagno\desktop\rooms\rooms\rooms\rooms\debug\rooms.tlog\link.12284-rc.write.1.tlog
c:\users\carcagno\desktop\rooms\rooms\rooms\rooms\debug\rooms.tlog\link.12284.read.1.tlog
c:\users\carcagno\desktop\rooms\rooms\rooms\rooms\debug\rooms.tlog\link.12284.write.1.tlog
c:\users\carcagno\desktop\rooms\rooms\rooms\rooms\debug\rooms.tlog\link.command.1.tlog
c:\users\carcagno\desktop\rooms\rooms\rooms\rooms\debug\rooms.tlog\link.read.1.tlog
c:\users\carcagno\desktop\rooms\rooms\rooms\rooms\debug\rooms.tlog\link.write.1.tlog
